<?xml version="1.0" encoding="UTF-8"?>
<!-- Generated by org.testng.reporters.JUnitXMLReporter -->
<testsuite ignored="0" hostname="DESKTOP-LDVN3B6" failures="2" tests="5" name="Test" time="23.586" errors="0" timestamp="2024-06-23T17:32:21 IST">
  <testcase classname="testCases.LoginDDT" name="verify_loginDDT" time="1.605"/>
  <testcase classname="testCases.LoginDDT" name="verify_loginDDT" time="2.037">
    <failure type="java.lang.AssertionError" message="expected [true] but found [false]">
      <![CDATA[java.lang.AssertionError: expected [true] but found [false]
at testCases.LoginDDT.verify_loginDDT(LoginDDT.java:63)
at java.base/java.util.ArrayList.forEach(ArrayList.java:1596)
... Removed 33 stack frames]]>
    </failure>
  </testcase> <!-- verify_loginDDT -->
  <testcase classname="testCases.LoginDDT" name="verify_loginDDT" time="1.41">
    <failure type="java.lang.AssertionError" message="expected [true] but found [false]">
      <![CDATA[java.lang.AssertionError: expected [true] but found [false]
at testCases.LoginDDT.verify_loginDDT(LoginDDT.java:63)
at java.base/java.util.ArrayList.forEach(ArrayList.java:1596)
... Removed 33 stack frames]]>
    </failure>
  </testcase> <!-- verify_loginDDT -->
  <testcase classname="testCases.LoginDDT" name="verify_loginDDT" time="11.054"/>
  <testcase classname="testCases.LoginDDT" name="verify_loginDDT" time="1.477"/>
</testsuite> <!-- Test -->
