<?xml version="1.0" encoding="UTF-8"?>
<!-- Generated by org.testng.reporters.JUnitXMLReporter -->
<testsuite ignored="0" hostname="DESKTOP-LDVN3B6" failures="0" tests="3" name="Test" time="14.116" errors="0" timestamp="2024-06-26T19:15:00 IST">
  <testcase classname="testCases.AccountRegistrationTest" name="verify_account_registration" time="2.461"/>
  <testcase classname="testCases.LoginTest" name="verifyLogin" time="1.793"/>
  <testcase classname="testCases.NewsLetterSubsTest" name="verifyLogin" time="2.004"/>
</testsuite> <!-- Test -->
