<?xml version="1.0" encoding="UTF-8"?>
<testng-results ignored="0" total="3" passed="3" failed="0" skipped="0">
  <reporter-output>
  </reporter-output>
  <suite started-at="2024-06-26T20:03:15 IST" name="Suite" finished-at="2024-06-26T20:03:31 IST" duration-ms="15737">
    <groups>
      <group name="Master">
        <method signature="AccountRegistrationTest.verify_account_registration()[pri:0, instance:testCases.AccountRegistrationTest@74eb909f]" name="verify_account_registration" class="testCases.AccountRegistrationTest"/>
        <method signature="LoginTest.verifyLogin()[pri:0, instance:testCases.LoginTest@2da59753]" name="verifyLogin" class="testCases.LoginTest"/>
        <method signature="NewsLetterSubsTest.verifyLogin()[pri:0, instance:testCases.NewsLetterSubsTest@5629510]" name="verifyLogin" class="testCases.NewsLetterSubsTest"/>
      </group> <!-- Master -->
      <group name="Sanity">
        <method signature="LoginTest.verifyLogin()[pri:0, instance:testCases.LoginTest@2da59753]" name="verifyLogin" class="testCases.LoginTest"/>
        <method signature="NewsLetterSubsTest.verifyLogin()[pri:0, instance:testCases.NewsLetterSubsTest@5629510]" name="verifyLogin" class="testCases.NewsLetterSubsTest"/>
      </group> <!-- Sanity -->
      <group name="Regression">
        <method signature="AccountRegistrationTest.verify_account_registration()[pri:0, instance:testCases.AccountRegistrationTest@74eb909f]" name="verify_account_registration" class="testCases.AccountRegistrationTest"/>
      </group> <!-- Regression -->
    </groups>
    <test started-at="2024-06-26T20:03:15 IST" name="Test" finished-at="2024-06-26T20:03:31 IST" duration-ms="15737">
      <class name="testCases.NewsLetterSubsTest">
        <test-method is-config="true" signature="setup(java.lang.String,java.lang.String)[pri:0, instance:testCases.NewsLetterSubsTest@5629510]" started-at="2024-06-26T20:03:26 IST" name="setup" finished-at="2024-06-26T20:03:28 IST" duration-ms="1956" status="PASS">
          <params>
            <param index="0">
              <value>
                <![CDATA[windows]]>
              </value>
            </param>
            <param index="1">
              <value>
                <![CDATA[chrome]]>
              </value>
            </param>
          </params>
          <reporter-output>
          </reporter-output>
        </test-method> <!-- setup -->
        <test-method signature="verifyLogin()[pri:0, instance:testCases.NewsLetterSubsTest@5629510]" started-at="2024-06-26T20:03:28 IST" name="verifyLogin" finished-at="2024-06-26T20:03:31 IST" duration-ms="2499" status="PASS">
          <reporter-output>
          </reporter-output>
        </test-method> <!-- verifyLogin -->
        <test-method is-config="true" signature="tearDown()[pri:0, instance:testCases.NewsLetterSubsTest@5629510]" started-at="2024-06-26T20:03:31 IST" name="tearDown" finished-at="2024-06-26T20:03:31 IST" duration-ms="72" status="PASS">
          <reporter-output>
          </reporter-output>
        </test-method> <!-- tearDown -->
      </class> <!-- testCases.NewsLetterSubsTest -->
      <class name="testCases.LoginTest">
        <test-method is-config="true" signature="setup(java.lang.String,java.lang.String)[pri:0, instance:testCases.LoginTest@2da59753]" started-at="2024-06-26T20:03:22 IST" name="setup" finished-at="2024-06-26T20:03:24 IST" duration-ms="1926" status="PASS">
          <params>
            <param index="0">
              <value>
                <![CDATA[windows]]>
              </value>
            </param>
            <param index="1">
              <value>
                <![CDATA[chrome]]>
              </value>
            </param>
          </params>
          <reporter-output>
          </reporter-output>
        </test-method> <!-- setup -->
        <test-method signature="verifyLogin()[pri:0, instance:testCases.LoginTest@2da59753]" started-at="2024-06-26T20:03:24 IST" name="verifyLogin" finished-at="2024-06-26T20:03:26 IST" duration-ms="1783" status="PASS">
          <reporter-output>
          </reporter-output>
        </test-method> <!-- verifyLogin -->
        <test-method is-config="true" signature="tearDown()[pri:0, instance:testCases.LoginTest@2da59753]" started-at="2024-06-26T20:03:26 IST" name="tearDown" finished-at="2024-06-26T20:03:26 IST" duration-ms="82" status="PASS">
          <reporter-output>
          </reporter-output>
        </test-method> <!-- tearDown -->
      </class> <!-- testCases.LoginTest -->
      <class name="testCases.AccountRegistrationTest">
        <test-method is-config="true" signature="setup(java.lang.String,java.lang.String)[pri:0, instance:testCases.AccountRegistrationTest@74eb909f]" started-at="2024-06-26T20:03:15 IST" name="setup" finished-at="2024-06-26T20:03:20 IST" duration-ms="4496" status="PASS">
          <params>
            <param index="0">
              <value>
                <![CDATA[windows]]>
              </value>
            </param>
            <param index="1">
              <value>
                <![CDATA[chrome]]>
              </value>
            </param>
          </params>
          <reporter-output>
          </reporter-output>
        </test-method> <!-- setup -->
        <test-method signature="verify_account_registration()[pri:0, instance:testCases.AccountRegistrationTest@74eb909f]" started-at="2024-06-26T20:03:20 IST" name="verify_account_registration" finished-at="2024-06-26T20:03:22 IST" duration-ms="2390" status="PASS">
          <reporter-output>
          </reporter-output>
        </test-method> <!-- verify_account_registration -->
        <test-method is-config="true" signature="tearDown()[pri:0, instance:testCases.AccountRegistrationTest@74eb909f]" started-at="2024-06-26T20:03:22 IST" name="tearDown" finished-at="2024-06-26T20:03:22 IST" duration-ms="78" status="PASS">
          <reporter-output>
          </reporter-output>
        </test-method> <!-- tearDown -->
      </class> <!-- testCases.AccountRegistrationTest -->
    </test> <!-- Test -->
  </suite> <!-- Suite -->
</testng-results>
